{"level":"info","message":"Server running on port 3000","service":"webapi","timestamp":"2025-04-16 00:41:23"}
{"level":"info","message":"MongoDB Atlas bağlantısı başarılı","service":"webapi","timestamp":"2025-04-16 00:41:24"}
{"level":"info","message":"Server running on port 3000","service":"webapi","timestamp":"2025-04-16 00:53:34"}
{"level":"info","message":"MongoDB Atlas bağlantısı başarılı","service":"webapi","timestamp":"2025-04-16 00:53:35"}
{"level":"info","message":"Server running on port 3000","service":"webapi","timestamp":"2025-04-16 00:57:46"}
{"level":"info","message":"MongoDB Atlas bağlantısı başarılı","service":"webapi","timestamp":"2025-04-16 00:57:47"}
{"level":"info","message":"Server running on port 3000","service":"webapi","timestamp":"2025-04-16 01:02:30"}
{"level":"info","message":"MongoDB Atlas bağlantısı başarılı","service":"webapi","timestamp":"2025-04-16 01:02:31"}
{"level":"info","message":"Server running on port 3000","service":"webapi","timestamp":"2025-04-16 01:03:14"}
{"level":"info","message":"MongoDB Atlas bağlantısı başarılı","service":"webapi","timestamp":"2025-04-16 01:03:14"}
{"level":"info","message":"Server running on port 3000","service":"webapi","timestamp":"2025-04-16 01:03:58"}
{"level":"info","message":"MongoDB Atlas bağlantısı başarılı","service":"webapi","timestamp":"2025-04-16 01:03:59"}
{"level":"info","message":"Server running on port 3000","service":"webapi","timestamp":"2025-04-16 01:11:45"}
{"level":"info","message":"MongoDB Atlas bağlantısı başarılı","service":"webapi","timestamp":"2025-04-16 01:11:46"}
{"level":"info","message":"Server running on port 3000","service":"webapi","timestamp":"2025-04-16 01:12:38"}
{"level":"info","message":"MongoDB Atlas bağlantısı başarılı","service":"webapi","timestamp":"2025-04-16 01:12:39"}
{"level":"info","message":"Server running on port 3000","service":"webapi","timestamp":"2025-04-16 01:13:22"}
{"level":"info","message":"MongoDB Atlas bağlantısı başarılı","service":"webapi","timestamp":"2025-04-16 01:13:22"}
{"level":"info","message":"Server running on port 3000","service":"webapi","timestamp":"2025-04-16 01:13:36"}
{"level":"info","message":"MongoDB Atlas bağlantısı başarılı","service":"webapi","timestamp":"2025-04-16 01:13:36"}
{"level":"info","message":"Server running on port 3000","service":"webapi","timestamp":"2025-04-16 01:17:11"}
{"level":"info","message":"MongoDB Atlas bağlantısı başarılı","service":"webapi","timestamp":"2025-04-16 01:17:12"}
{"level":"info","message":"Server running on port 3000","service":"webapi","timestamp":"2025-04-16 01:17:17"}
{"level":"info","message":"MongoDB Atlas bağlantısı başarılı","service":"webapi","timestamp":"2025-04-16 01:17:18"}
{"level":"info","message":"Server running on port 3000","service":"webapi","timestamp":"2025-04-16 01:17:39"}
{"level":"info","message":"MongoDB Atlas bağlantısı başarılı","service":"webapi","timestamp":"2025-04-16 01:17:40"}
{"level":"info","message":"Server running on port 3000","service":"webapi","timestamp":"2025-04-16 01:26:43"}
{"level":"info","message":"MongoDB Atlas bağlantısı başarılı","service":"webapi","timestamp":"2025-04-16 01:26:44"}
{"level":"info","message":"Server running on port 3000","service":"webapi","timestamp":"2025-04-16 01:31:02"}
{"level":"info","message":"MongoDB Atlas bağlantısı başarılı","service":"webapi","timestamp":"2025-04-16 01:31:03"}
{"level":"info","message":"Server running on port 3000","service":"webapi","timestamp":"2025-04-16 01:37:26"}
{"level":"info","message":"MongoDB Atlas bağlantısı başarılı","service":"webapi","timestamp":"2025-04-16 01:37:27"}
{"level":"info","message":"Server running on port 3000","service":"webapi","timestamp":"2025-04-16 01:38:04"}
{"level":"info","message":"MongoDB Atlas bağlantısı başarılı","service":"webapi","timestamp":"2025-04-16 01:38:05"}
{"level":"info","message":"Server running on port 3000","service":"webapi","timestamp":"2025-04-16 01:38:34"}
{"level":"info","message":"MongoDB Atlas bağlantısı başarılı","service":"webapi","timestamp":"2025-04-16 01:38:35"}
{"level":"info","message":"Server running on port 3000","service":"webapi","timestamp":"2025-04-16 02:24:39"}
{"level":"info","message":"MongoDB Atlas bağlantısı başarılı","service":"webapi","timestamp":"2025-04-16 02:24:40"}
{"level":"info","message":"Server running on port 3000","service":"webapi","timestamp":"2025-04-16 02:25:26"}
{"level":"info","message":"MongoDB Atlas bağlantısı başarılı","service":"webapi","timestamp":"2025-04-16 02:25:27"}
{"level":"info","message":"Server running on port 3000","service":"webapi","timestamp":"2025-04-16 02:28:46"}
{"level":"info","message":"MongoDB Atlas bağlantısı başarılı","service":"webapi","timestamp":"2025-04-16 02:28:47"}
{"level":"info","message":"Server running on port 3000","service":"webapi","timestamp":"2025-04-16 02:29:13"}
{"level":"info","message":"MongoDB Atlas bağlantısı başarılı","service":"webapi","timestamp":"2025-04-16 02:29:13"}
{"level":"info","message":"Server running on port 3000","service":"webapi","timestamp":"2025-04-16 02:31:18"}
{"level":"info","message":"MongoDB Atlas bağlantısı başarılı","service":"webapi","timestamp":"2025-04-16 02:31:19"}
{"level":"info","message":"Server running on port 3000","service":"webapi","timestamp":"2025-04-16 02:37:13"}
{"level":"info","message":"MongoDB Atlas bağlantısı başarılı","service":"webapi","timestamp":"2025-04-16 02:37:14"}
{"level":"info","message":"Server running on port 3000","service":"webapi","timestamp":"2025-04-16 02:41:06"}
{"level":"info","message":"MongoDB Atlas bağlantısı başarılı","service":"webapi","timestamp":"2025-04-16 02:41:07"}
{"level":"info","message":"Server running on port 3000","service":"webapi","timestamp":"2025-04-16 02:42:45"}
{"level":"info","message":"MongoDB Atlas bağlantısı başarılı","service":"webapi","timestamp":"2025-04-16 02:42:46"}
{"level":"info","message":"Server running on port 3000","service":"webapi","timestamp":"2025-04-16 02:43:27"}
{"level":"info","message":"MongoDB Atlas bağlantısı başarılı","service":"webapi","timestamp":"2025-04-16 02:43:27"}
{"level":"info","message":"Server running on port 3000","service":"webapi","timestamp":"2025-04-16 02:43:32"}
{"level":"info","message":"MongoDB Atlas bağlantısı başarılı","service":"webapi","timestamp":"2025-04-16 02:43:32"}
{"level":"info","message":"Server running on port 3000","service":"webapi","timestamp":"2025-04-16 02:48:22"}
{"level":"info","message":"MongoDB Atlas bağlantısı başarılı","service":"webapi","timestamp":"2025-04-16 02:48:22"}
{"level":"info","message":"Server running on port 3000","service":"webapi","timestamp":"2025-04-16 02:49:31"}
{"level":"info","message":"MongoDB Atlas bağlantısı başarılı","service":"webapi","timestamp":"2025-04-16 02:49:32"}
{"level":"info","message":"Server running on port 3000","service":"webapi","timestamp":"2025-04-16 02:50:32"}
{"level":"info","message":"MongoDB Atlas bağlantısı başarılı","service":"webapi","timestamp":"2025-04-16 02:50:33"}
{"level":"info","message":"Server running on port 3000","service":"webapi","timestamp":"2025-04-16 02:50:42"}
{"level":"info","message":"MongoDB Atlas bağlantısı başarılı","service":"webapi","timestamp":"2025-04-16 02:50:42"}
{"level":"info","message":"Server running on port 3000","service":"webapi","timestamp":"2025-04-16 02:51:11"}
{"level":"info","message":"MongoDB Atlas bağlantısı başarılı","service":"webapi","timestamp":"2025-04-16 02:51:12"}
{"level":"info","message":"Server running on port 3000","service":"webapi","timestamp":"2025-04-16 02:51:28"}
{"level":"info","message":"MongoDB Atlas bağlantısı başarılı","service":"webapi","timestamp":"2025-04-16 02:51:28"}
{"level":"info","message":"Server running on port 3000","service":"webapi","timestamp":"2025-04-16 02:51:37"}
{"level":"info","message":"MongoDB Atlas bağlantısı başarılı","service":"webapi","timestamp":"2025-04-16 02:51:38"}
{"level":"info","message":"Server running on port 3000","service":"webapi","timestamp":"2025-04-16 02:52:24"}
{"level":"info","message":"MongoDB Atlas bağlantısı başarılı","service":"webapi","timestamp":"2025-04-16 02:52:25"}
{"level":"info","message":"Server running on port 3000","service":"webapi","timestamp":"2025-04-16 02:52:41"}
{"level":"info","message":"MongoDB Atlas bağlantısı başarılı","service":"webapi","timestamp":"2025-04-16 02:52:42"}
{"level":"info","message":"Server running on port 3000","service":"webapi","timestamp":"2025-04-16 02:52:58"}
{"level":"info","message":"MongoDB Atlas bağlantısı başarılı","service":"webapi","timestamp":"2025-04-16 02:52:58"}
{"level":"info","message":"Server running on port 3000","service":"webapi","timestamp":"2025-04-16 02:53:10"}
{"level":"info","message":"MongoDB Atlas bağlantısı başarılı","service":"webapi","timestamp":"2025-04-16 02:53:11"}
{"level":"info","message":"Server running on port 3000","service":"webapi","timestamp":"2025-04-16 02:53:43"}
{"level":"info","message":"MongoDB Atlas bağlantısı başarılı","service":"webapi","timestamp":"2025-04-16 02:53:43"}
{"level":"info","message":"Server running on port 3000","service":"webapi","timestamp":"2025-04-16 02:53:51"}
{"level":"info","message":"MongoDB Atlas bağlantısı başarılı","service":"webapi","timestamp":"2025-04-16 02:53:52"}
{"level":"info","message":"Server running on port 3000","service":"webapi","timestamp":"2025-04-16 02:54:23"}
{"level":"info","message":"MongoDB Atlas bağlantısı başarılı","service":"webapi","timestamp":"2025-04-16 02:54:23"}
{"level":"info","message":"Server running on port 3000","service":"webapi","timestamp":"2025-04-16 02:55:08"}
{"level":"info","message":"MongoDB Atlas bağlantısı başarılı","service":"webapi","timestamp":"2025-04-16 02:55:09"}
{"level":"info","message":"Server running on port 3000","service":"webapi","timestamp":"2025-04-16 02:55:13"}
{"level":"info","message":"MongoDB Atlas bağlantısı başarılı","service":"webapi","timestamp":"2025-04-16 02:55:13"}
{"level":"info","message":"Server running on port 3000","service":"webapi","timestamp":"2025-04-16 02:57:35"}
{"level":"info","message":"MongoDB Atlas bağlantısı başarılı","service":"webapi","timestamp":"2025-04-16 02:57:36"}
{"level":"info","message":"Server running on port 3000","service":"webapi","timestamp":"2025-04-16 03:37:39"}
{"level":"info","message":"MongoDB Atlas bağlantısı başarılı","service":"webapi","timestamp":"2025-04-16 03:37:40"}
{"level":"info","message":"Server running on port 3000","service":"webapi","timestamp":"2025-04-16 03:42:47"}
{"level":"info","message":"MongoDB Atlas bağlantısı başarılı","service":"webapi","timestamp":"2025-04-16 03:42:48"}
{"level":"info","message":"Server running on port 3000","service":"webapi","timestamp":"2025-04-16 03:46:36"}
{"level":"info","message":"MongoDB Atlas bağlantısı başarılı","service":"webapi","timestamp":"2025-04-16 03:46:37"}
{"level":"info","message":"Server running on port 3000","service":"webapi","timestamp":"2025-04-16 03:47:38"}
{"level":"info","message":"MongoDB Atlas bağlantısı başarılı","service":"webapi","timestamp":"2025-04-16 03:47:39"}
{"level":"info","message":"Server running on port 3000","service":"webapi","timestamp":"2025-04-16 03:47:53"}
{"level":"info","message":"MongoDB Atlas bağlantısı başarılı","service":"webapi","timestamp":"2025-04-16 03:47:53"}
{"level":"info","message":"Server running on port 3000","service":"webapi","timestamp":"2025-04-16 03:50:43"}
{"level":"info","message":"MongoDB Atlas bağlantısı başarılı","service":"webapi","timestamp":"2025-04-16 03:50:44"}
{"level":"info","message":"Server running on port 3000","service":"webapi","timestamp":"2025-04-16 03:55:32"}
{"level":"info","message":"MongoDB Atlas bağlantısı başarılı","service":"webapi","timestamp":"2025-04-16 03:55:32"}
{"level":"info","message":"Server running on port 3000","service":"webapi","timestamp":"2025-04-16 03:55:42"}
{"level":"info","message":"MongoDB Atlas bağlantısı başarılı","service":"webapi","timestamp":"2025-04-16 03:55:42"}
{"level":"info","message":"Server running on port 3000","service":"webapi","timestamp":"2025-04-16 03:56:33"}
{"level":"info","message":"MongoDB Atlas bağlantısı başarılı","service":"webapi","timestamp":"2025-04-16 03:56:34"}
{"level":"info","message":"Server running on port 3000","service":"webapi","timestamp":"2025-04-16 03:56:43"}
{"level":"info","message":"MongoDB Atlas bağlantısı başarılı","service":"webapi","timestamp":"2025-04-16 03:56:44"}
{"level":"info","message":"Server running on port 3000","service":"webapi","timestamp":"2025-04-16 03:58:40"}
{"level":"info","message":"MongoDB Atlas bağlantısı başarılı","service":"webapi","timestamp":"2025-04-16 03:58:41"}
{"level":"info","message":"Server running on port 3000","service":"webapi","timestamp":"2025-04-16 03:59:18"}
{"level":"info","message":"MongoDB Atlas bağlantısı başarılı","service":"webapi","timestamp":"2025-04-16 03:59:19"}
{"level":"info","message":"Server running on port 3000","service":"webapi","timestamp":"2025-04-16 03:59:40"}
{"level":"info","message":"MongoDB Atlas bağlantısı başarılı","service":"webapi","timestamp":"2025-04-16 03:59:40"}
{"level":"info","message":"Server running on port 3000","service":"webapi","timestamp":"2025-04-16 04:00:56"}
{"level":"info","message":"MongoDB Atlas bağlantısı başarılı","service":"webapi","timestamp":"2025-04-16 04:00:57"}
{"level":"info","message":"Server running on port 3000","service":"webapi","timestamp":"2025-04-16 04:08:05"}
{"level":"info","message":"MongoDB Atlas bağlantısı başarılı","service":"webapi","timestamp":"2025-04-16 04:08:06"}
{"level":"info","message":"Server running on port 3000","service":"webapi","timestamp":"2025-04-16 04:08:40"}
{"level":"info","message":"MongoDB Atlas bağlantısı başarılı","service":"webapi","timestamp":"2025-04-16 04:08:41"}
{"level":"info","message":"Server running on port 3000","service":"webapi","timestamp":"2025-04-16 04:09:11"}
{"level":"info","message":"MongoDB Atlas bağlantısı başarılı","service":"webapi","timestamp":"2025-04-16 04:09:11"}
{"level":"info","message":"Server running on port 3000","service":"webapi","timestamp":"2025-04-16 04:09:16"}
{"level":"info","message":"MongoDB Atlas bağlantısı başarılı","service":"webapi","timestamp":"2025-04-16 04:09:17"}
{"level":"info","message":"Server running on port 3000","service":"webapi","timestamp":"2025-04-16 04:11:10"}
{"level":"info","message":"MongoDB Atlas bağlantısı başarılı","service":"webapi","timestamp":"2025-04-16 04:11:11"}
{"level":"info","message":"Server running on port 3000","service":"webapi","timestamp":"2025-04-16 04:12:02"}
{"level":"info","message":"MongoDB Atlas bağlantısı başarılı","service":"webapi","timestamp":"2025-04-16 04:12:02"}
{"level":"info","message":"Server running on port 3000","service":"webapi","timestamp":"2025-04-16 04:12:22"}
{"level":"info","message":"MongoDB Atlas bağlantısı başarılı","service":"webapi","timestamp":"2025-04-16 04:12:22"}
{"level":"info","message":"Server running on port 3000","service":"webapi","timestamp":"2025-04-16 04:12:47"}
{"level":"info","message":"MongoDB Atlas bağlantısı başarılı","service":"webapi","timestamp":"2025-04-16 04:12:48"}
{"level":"info","message":"MongoDB Atlas bağlantı hatası:  seed is not a function","service":"webapi","stack":"TypeError: seed is not a function\n    at C:\\Users\\gorke\\Desktop\\Web-APIs PROJECTS\\ProductWebApi\\server.js:36:9\n    at process.processTicksAndRejections (node:internal/process/task_queues:105:5)","timestamp":"2025-04-16 04:12:48"}
{"level":"info","message":"Server running on port 3000","service":"webapi","timestamp":"2025-04-16 04:14:14"}
{"level":"info","message":"MongoDB Atlas bağlantı hatası:  Mongoose.prototype.connect() no longer accepts a callback","service":"webapi","stack":"MongooseError: Mongoose.prototype.connect() no longer accepts a callback\n    at Mongoose.connect (C:\\Users\\gorke\\Desktop\\Web-APIs PROJECTS\\ProductWebApi\\node_modules\\mongoose\\lib\\mongoose.js:441:11)\n    at Object.<anonymous> (C:\\Users\\gorke\\Desktop\\Web-APIs PROJECTS\\ProductWebApi\\server.js:32:10)\n    at Module._compile (node:internal/modules/cjs/loader:1546:14)\n    at Object..js (node:internal/modules/cjs/loader:1689:10)\n    at Module.load (node:internal/modules/cjs/loader:1318:32)\n    at Function._load (node:internal/modules/cjs/loader:1128:12)\n    at TracingChannel.traceSync (node:diagnostics_channel:315:14)\n    at wrapModuleLoad (node:internal/modules/cjs/loader:218:24)\n    at Function.executeUserEntryPoint [as runMain] (node:internal/modules/run_main:170:5)\n    at node:internal/main/run_main_module:36:49","timestamp":"2025-04-16 04:14:14"}
{"level":"info","message":"Server running on port 3000","service":"webapi","timestamp":"2025-04-16 04:14:28"}
{"level":"info","message":"MongoDB Atlas bağlantısı başarılı","service":"webapi","timestamp":"2025-04-16 04:14:28"}
{"level":"info","message":"Server running on port 3000","service":"webapi","timestamp":"2025-04-16 04:14:42"}
{"level":"info","message":"MongoDB Atlas bağlantısı başarılı","service":"webapi","timestamp":"2025-04-16 04:14:43"}
{"level":"info","message":"Server running on port 3000","service":"webapi","timestamp":"2025-04-16 04:19:45"}
{"level":"info","message":"MongoDB Atlas bağlantısı başarılı","service":"webapi","timestamp":"2025-04-16 04:19:46"}
{"level":"info","message":"MongoDB Atlas bağlantı hatası:  seed is not a function","service":"webapi","stack":"TypeError: seed is not a function\n    at C:\\Users\\gorke\\Desktop\\Web-APIs PROJECTS\\ProductWebApi\\server.js:36:15\n    at process.processTicksAndRejections (node:internal/process/task_queues:105:5)","timestamp":"2025-04-16 04:19:46"}
{"level":"info","message":"Server running on port 3000","service":"webapi","timestamp":"2025-04-16 04:20:25"}
{"level":"info","message":"MongoDB Atlas bağlantısı başarılı","service":"webapi","timestamp":"2025-04-16 04:20:25"}
{"level":"info","message":"MongoDB Atlas bağlantı hatası:  seedProducts is not a function","service":"webapi","stack":"TypeError: seedProducts is not a function\n    at C:\\Users\\gorke\\Desktop\\Web-APIs PROJECTS\\ProductWebApi\\server.js:36:15\n    at process.processTicksAndRejections (node:internal/process/task_queues:105:5)","timestamp":"2025-04-16 04:20:25"}
{"level":"info","message":"Server running on port 3000","service":"webapi","timestamp":"2025-04-16 04:22:38"}
{"level":"info","message":"MongoDB Atlas bağlantısı başarılı","service":"webapi","timestamp":"2025-04-16 04:22:38"}
{"level":"info","message":"Server running on port 3000","service":"webapi","timestamp":"2025-04-16 12:47:50"}
{"level":"info","message":"MongoDB Atlas bağlantısı başarılı","service":"webapi","timestamp":"2025-04-16 12:47:50"}
{"level":"info","message":"Server running on port 3000","service":"webapi","timestamp":"2025-04-16 13:00:25"}
{"level":"info","message":"MongoDB Atlas bağlantısı başarılı","service":"webapi","timestamp":"2025-04-16 13:00:26"}
{"level":"info","message":"Server running on port 3000","service":"webapi","timestamp":"2025-04-16 13:04:19"}
{"level":"info","message":"MongoDB Atlas bağlantısı başarılı","service":"webapi","timestamp":"2025-04-16 13:04:20"}
{"level":"info","message":"Server running on port 3000","service":"webapi","timestamp":"2025-04-16 13:04:28"}
{"level":"info","message":"MongoDB Atlas bağlantısı başarılı","service":"webapi","timestamp":"2025-04-16 13:04:29"}
{"level":"info","message":"Server running on port 3000","service":"webapi","timestamp":"2025-04-16 13:07:50"}
{"level":"info","message":"MongoDB Atlas bağlantısı başarılı","service":"webapi","timestamp":"2025-04-16 13:07:51"}
{"level":"info","message":"Server running on port 3000","service":"webapi","timestamp":"2025-04-16 13:08:10"}
{"level":"info","message":"MongoDB Atlas bağlantısı başarılı","service":"webapi","timestamp":"2025-04-16 13:08:11"}
{"level":"info","message":"Server running on port 3000","service":"webapi","timestamp":"2025-04-16 13:09:09"}
{"level":"info","message":"MongoDB Atlas bağlantısı başarılı","service":"webapi","timestamp":"2025-04-16 13:09:09"}
{"level":"info","message":"Server running on port 3000","service":"webapi","timestamp":"2025-04-16 13:09:37"}
{"level":"info","message":"MongoDB Atlas bağlantısı başarılı","service":"webapi","timestamp":"2025-04-16 13:09:38"}
{"level":"info","message":"Server running on port 3000","service":"webapi","timestamp":"2025-04-16 13:15:46"}
{"level":"info","message":"MongoDB Atlas bağlantısı başarılı","service":"webapi","timestamp":"2025-04-16 13:15:47"}
{"level":"info","message":"Server running on port 3000","service":"webapi","timestamp":"2025-04-16 13:29:01"}
{"level":"info","message":"MongoDB Atlas bağlantısı başarılı","service":"webapi","timestamp":"2025-04-16 13:29:02"}
{"level":"info","message":"Server running on port 3000","service":"webapi","timestamp":"2025-04-16 13:29:50"}
{"level":"info","message":"MongoDB Atlas bağlantısı başarılı","service":"webapi","timestamp":"2025-04-16 13:29:51"}
{"level":"info","message":"Server running on port 3000","service":"webapi","timestamp":"2025-04-16 13:30:56"}
{"level":"info","message":"MongoDB Atlas bağlantısı başarılı","service":"webapi","timestamp":"2025-04-16 13:30:57"}
{"level":"info","message":"Server running on port 3000","service":"webapi","timestamp":"2025-04-16 13:31:26"}
{"level":"info","message":"MongoDB Atlas bağlantısı başarılı","service":"webapi","timestamp":"2025-04-16 13:31:27"}
{"level":"info","message":"Server running on port 3000","service":"webapi","timestamp":"2025-04-16 13:32:06"}
{"level":"info","message":"MongoDB Atlas bağlantısı başarılı","service":"webapi","timestamp":"2025-04-16 13:32:07"}
{"level":"info","message":"Server running on port 3000","service":"webapi","timestamp":"2025-04-16 13:57:28"}
{"level":"info","message":"MongoDB Atlas bağlantısı başarılı","service":"webapi","timestamp":"2025-04-16 13:57:29"}
{"level":"info","message":"Server running on port 3000","service":"webapi","timestamp":"2025-04-16 14:07:40"}
{"level":"info","message":"MongoDB Atlas bağlantısı başarılı","service":"webapi","timestamp":"2025-04-16 14:07:40"}
{"level":"info","message":"Server running on port 3000","service":"webapi","timestamp":"2025-04-16 14:10:05"}
{"level":"info","message":"MongoDB Atlas bağlantısı başarılı","service":"webapi","timestamp":"2025-04-16 14:10:06"}
{"level":"info","message":"Server running on port 3000","service":"webapi","timestamp":"2025-04-16 14:10:25"}
{"level":"info","message":"MongoDB Atlas bağlantısı başarılı","service":"webapi","timestamp":"2025-04-16 14:10:26"}
{"level":"info","message":"Server running on port 3000","service":"webapi","timestamp":"2025-04-16 14:11:08"}
{"level":"info","message":"MongoDB Atlas bağlantısı başarılı","service":"webapi","timestamp":"2025-04-16 14:11:08"}
{"level":"info","message":"Server running on port 3000","service":"webapi","timestamp":"2025-04-16 14:13:15"}
{"level":"info","message":"MongoDB Atlas bağlantısı başarılı","service":"webapi","timestamp":"2025-04-16 14:13:16"}
{"level":"info","message":"Server running on port 3000","service":"webapi","timestamp":"2025-04-16 14:13:57"}
{"level":"info","message":"MongoDB Atlas bağlantısı başarılı","service":"webapi","timestamp":"2025-04-16 14:13:58"}
{"level":"info","message":"Server running on port 3000","service":"webapi","timestamp":"2025-04-16 14:16:10"}
{"level":"info","message":"MongoDB Atlas bağlantısı başarılı","service":"webapi","timestamp":"2025-04-16 14:16:11"}
{"level":"info","message":"Server running on port 3000","service":"webapi","timestamp":"2025-04-16 14:26:44"}
{"level":"info","message":"MongoDB Atlas bağlantısı başarılı","service":"webapi","timestamp":"2025-04-16 14:26:44"}
{"level":"info","message":"Server running on port 3000","service":"webapi","timestamp":"2025-04-16 14:29:54"}
{"level":"info","message":"MongoDB Atlas bağlantısı başarılı","service":"webapi","timestamp":"2025-04-16 14:29:54"}
{"level":"info","message":"Server running on port 3000","service":"webapi","timestamp":"2025-04-16 14:30:01"}
{"level":"info","message":"MongoDB Atlas bağlantısı başarılı","service":"webapi","timestamp":"2025-04-16 14:30:01"}
{"level":"info","message":"Server running on port 3000","service":"webapi","timestamp":"2025-04-16 14:30:24"}
{"level":"info","message":"MongoDB Atlas bağlantısı başarılı","service":"webapi","timestamp":"2025-04-16 14:30:25"}
{"level":"info","message":"Server running on port 3000","service":"webapi","timestamp":"2025-04-16 14:33:42"}
{"level":"info","message":"MongoDB Atlas bağlantısı başarılı","service":"webapi","timestamp":"2025-04-16 14:33:43"}
{"level":"info","message":"Server running on port 3000","service":"webapi","timestamp":"2025-04-16 14:33:49"}
{"level":"info","message":"MongoDB Atlas bağlantısı başarılı","service":"webapi","timestamp":"2025-04-16 14:33:50"}
{"level":"info","message":"Server running on port 3000","service":"webapi","timestamp":"2025-04-16 14:36:56"}
{"level":"info","message":"MongoDB Atlas bağlantısı başarılı","service":"webapi","timestamp":"2025-04-16 14:36:57"}
{"level":"info","message":"Server running on port 3000","service":"webapi","timestamp":"2025-04-16 14:37:10"}
{"level":"info","message":"MongoDB Atlas bağlantısı başarılı","service":"webapi","timestamp":"2025-04-16 14:37:10"}
{"level":"info","message":"Server running on port 3000","service":"webapi","timestamp":"2025-04-16 14:38:01"}
{"level":"info","message":"MongoDB Atlas bağlantısı başarılı","service":"webapi","timestamp":"2025-04-16 14:38:02"}
{"level":"info","message":"Server running on port 3000","service":"webapi","timestamp":"2025-04-16 14:39:23"}
{"level":"info","message":"MongoDB Atlas bağlantısı başarılı","service":"webapi","timestamp":"2025-04-16 14:39:24"}
{"level":"info","message":"Server running on port 3000","service":"webapi","timestamp":"2025-04-16 14:40:02"}
{"level":"info","message":"MongoDB Atlas bağlantısı başarılı","service":"webapi","timestamp":"2025-04-16 14:40:02"}
{"level":"info","message":"Server running on port 3000","service":"webapi","timestamp":"2025-04-16 15:13:32"}
{"level":"info","message":"MongoDB Atlas bağlantısı başarılı","service":"webapi","timestamp":"2025-04-16 15:13:33"}
{"level":"info","message":"Server running on port 3000","service":"webapi","timestamp":"2025-04-16 15:14:11"}
{"level":"info","message":"MongoDB Atlas bağlantısı başarılı","service":"webapi","timestamp":"2025-04-16 15:14:11"}
{"level":"info","message":"Server running on port 3000","service":"webapi","timestamp":"2025-04-16 15:15:46"}
{"level":"info","message":"MongoDB Atlas bağlantısı başarılı","service":"webapi","timestamp":"2025-04-16 15:15:47"}
{"level":"info","message":"Server running on port 3000","service":"webapi","timestamp":"2025-04-16 15:30:01"}
{"level":"info","message":"MongoDB Atlas bağlantısı başarılı","service":"webapi","timestamp":"2025-04-16 15:30:01"}
{"level":"info","message":"Server running on port 3000","service":"webapi","timestamp":"2025-04-16 15:31:18"}
{"level":"info","message":"MongoDB Atlas bağlantısı başarılı","service":"webapi","timestamp":"2025-04-16 15:31:19"}
{"level":"info","message":"Server running on port 3000","service":"webapi","timestamp":"2025-04-16 15:42:06"}
{"level":"info","message":"MongoDB Atlas bağlantısı başarılı","service":"webapi","timestamp":"2025-04-16 15:42:07"}
{"level":"info","message":"Server running on port 3000","service":"webapi","timestamp":"2025-04-16 15:42:21"}
{"level":"info","message":"MongoDB Atlas bağlantısı başarılı","service":"webapi","timestamp":"2025-04-16 15:42:21"}
{"level":"info","message":"Server running on port 3000","service":"webapi","timestamp":"2025-04-16 15:53:18"}
{"level":"info","message":"MongoDB Atlas bağlantısı başarılı","service":"webapi","timestamp":"2025-04-16 15:53:19"}
{"level":"info","message":"Server running on port 3000","service":"webapi","timestamp":"2025-04-16 15:53:21"}
{"level":"info","message":"MongoDB Atlas bağlantısı başarılı","service":"webapi","timestamp":"2025-04-16 15:53:22"}
{"level":"info","message":"Server running on port 3000","service":"webapi","timestamp":"2025-04-16 16:16:49"}
{"level":"info","message":"MongoDB Atlas bağlantısı başarılı","service":"webapi","timestamp":"2025-04-16 16:16:49"}
{"level":"info","message":"Server running on port 3000","service":"webapi","timestamp":"2025-04-16 16:20:13"}
{"level":"info","message":"MongoDB Atlas bağlantısı başarılı","service":"webapi","timestamp":"2025-04-16 16:20:14"}
{"level":"info","message":"Server running on port 3000","service":"webapi","timestamp":"2025-04-16 16:27:47"}
{"level":"info","message":"MongoDB Atlas bağlantısı başarılı","service":"webapi","timestamp":"2025-04-16 16:27:47"}
{"level":"info","message":"Server running on port 3000","service":"webapi","timestamp":"2025-04-16 16:28:35"}
{"level":"info","message":"MongoDB Atlas bağlantısı başarılı","service":"webapi","timestamp":"2025-04-16 16:28:35"}
{"level":"info","message":"Server running on port 3000","service":"webapi","timestamp":"2025-04-16 16:28:42"}
{"level":"info","message":"MongoDB Atlas bağlantısı başarılı","service":"webapi","timestamp":"2025-04-16 16:28:43"}
{"level":"info","message":"Server running on port 3000","service":"webapi","timestamp":"2025-04-16 17:19:56"}
{"level":"info","message":"MongoDB Atlas bağlantısı başarılı","service":"webapi","timestamp":"2025-04-16 17:19:57"}
{"level":"info","message":"Server running on port 3000","service":"webapi","timestamp":"2025-04-16 17:42:36"}
{"level":"info","message":"MongoDB Atlas bağlantısı başarılı","service":"webapi","timestamp":"2025-04-16 17:42:37"}
{"level":"info","message":"Server running on port 3000","service":"webapi","timestamp":"2025-04-16 17:43:03"}
{"level":"info","message":"MongoDB Atlas bağlantısı başarılı","service":"webapi","timestamp":"2025-04-16 17:43:03"}
{"level":"info","message":"Server running on port 3000","service":"webapi","timestamp":"2025-04-16 17:43:31"}
{"level":"info","message":"MongoDB Atlas bağlantısı başarılı","service":"webapi","timestamp":"2025-04-16 17:43:31"}
{"level":"info","message":"Server running on port 3000","service":"webapi","timestamp":"2025-04-16 17:45:00"}
{"level":"info","message":"MongoDB Atlas bağlantısı başarılı","service":"webapi","timestamp":"2025-04-16 17:45:01"}
{"level":"info","message":"Server running on port 3000","service":"webapi","timestamp":"2025-04-16 19:17:15"}
{"level":"info","message":"MongoDB Atlas bağlantısı başarılı","service":"webapi","timestamp":"2025-04-16 19:17:16"}
{"level":"info","message":"Server running on port 3000","service":"webapi","timestamp":"2025-04-16 19:28:26"}
{"level":"info","message":"MongoDB Atlas bağlantısı başarılı","service":"webapi","timestamp":"2025-04-16 19:28:27"}
{"level":"info","message":"Server running on port 3000","service":"webapi","timestamp":"2025-04-16 19:28:57"}
{"level":"info","message":"MongoDB Atlas bağlantısı başarılı","service":"webapi","timestamp":"2025-04-16 19:28:58"}
{"level":"info","message":"Server running on port 3000","service":"webapi","timestamp":"2025-04-16 19:31:18"}
{"level":"info","message":"MongoDB Atlas bağlantısı başarılı","service":"webapi","timestamp":"2025-04-16 19:31:19"}
{"level":"info","message":"Server running on port 3000","service":"webapi","timestamp":"2025-04-16 19:40:39"}
{"level":"info","message":"MongoDB Atlas bağlantısı başarılı","service":"webapi","timestamp":"2025-04-16 19:40:40"}
{"level":"info","message":"Server running on port 3000","service":"webapi","timestamp":"2025-04-16 20:26:30"}
{"level":"info","message":"MongoDB Atlas bağlantısı başarılı","service":"webapi","timestamp":"2025-04-16 20:26:31"}
{"level":"info","message":"Server running on port 3000","service":"webapi","timestamp":"2025-04-16 20:46:23"}
{"level":"info","message":"MongoDB Atlas bağlantısı başarılı","service":"webapi","timestamp":"2025-04-16 20:46:24"}
{"level":"info","message":"Server running on port 3000","service":"webapi","timestamp":"2025-04-16 20:47:53"}
{"level":"info","message":"MongoDB Atlas bağlantısı başarılı","service":"webapi","timestamp":"2025-04-16 20:47:54"}
{"level":"info","message":"Server running on port 3000","service":"webapi","timestamp":"2025-04-16 20:51:13"}
{"level":"info","message":"MongoDB Atlas bağlantısı başarılı","service":"webapi","timestamp":"2025-04-16 20:51:14"}
{"level":"info","message":"Server running on port 3000","service":"webapi","timestamp":"2025-04-16 20:57:41"}
{"level":"info","message":"Server running on port 3000","service":"webapi","timestamp":"2025-04-16 20:57:43"}
{"level":"info","message":"MongoDB Atlas bağlantısı başarılı","service":"webapi","timestamp":"2025-04-16 20:57:43"}
{"level":"info","message":"Server running on port 3000","service":"webapi","timestamp":"2025-04-16 21:03:15"}
{"level":"info","message":"MongoDB Atlas bağlantısı başarılı","service":"webapi","timestamp":"2025-04-16 21:03:16"}
{"level":"info","message":"Server running on port 3000","service":"webapi","timestamp":"2025-04-16 21:04:37"}
{"level":"info","message":"MongoDB Atlas bağlantısı başarılı","service":"webapi","timestamp":"2025-04-16 21:04:38"}
{"level":"info","message":"Server running on port 3000","service":"webapi","timestamp":"2025-04-16 21:04:42"}
{"level":"info","message":"MongoDB Atlas bağlantısı başarılı","service":"webapi","timestamp":"2025-04-16 21:04:42"}
{"level":"info","message":"Server running on port 3000","service":"webapi","timestamp":"2025-04-16 21:05:59"}
{"level":"info","message":"MongoDB Atlas bağlantısı başarılı","service":"webapi","timestamp":"2025-04-16 21:06:00"}
{"level":"info","message":"Server running on port 3000","service":"webapi","timestamp":"2025-04-16 21:06:16"}
{"level":"info","message":"Server running on port 3000","service":"webapi","timestamp":"2025-04-16 21:06:18"}
{"level":"info","message":"MongoDB Atlas bağlantısı başarılı","service":"webapi","timestamp":"2025-04-16 21:06:19"}
{"level":"info","message":"Server running on port 3000","service":"webapi","timestamp":"2025-04-16 21:07:44"}
{"level":"info","message":"MongoDB Atlas bağlantısı başarılı","service":"webapi","timestamp":"2025-04-16 21:07:44"}
{"level":"info","message":"Server running on port 3000","service":"webapi","timestamp":"2025-04-16 21:14:43"}
{"level":"info","message":"MongoDB Atlas bağlantısı başarılı","service":"webapi","timestamp":"2025-04-16 21:14:43"}
{"level":"info","message":"Server running on port 3000","service":"webapi","timestamp":"2025-04-16 21:15:26"}
{"level":"info","message":"MongoDB Atlas bağlantısı başarılı","service":"webapi","timestamp":"2025-04-16 21:15:27"}
{"level":"info","message":"Server running on port 3000","service":"webapi","timestamp":"2025-04-16 21:17:07"}
{"level":"info","message":"MongoDB Atlas bağlantısı başarılı","service":"webapi","timestamp":"2025-04-16 21:17:07"}
{"level":"info","message":"Server running on port 3000","service":"webapi","timestamp":"2025-04-16 21:24:52"}
{"level":"info","message":"MongoDB Atlas bağlantısı başarılı","service":"webapi","timestamp":"2025-04-16 21:24:53"}
{"level":"info","message":"Server running on port 3000","service":"webapi","timestamp":"2025-04-16 21:25:05"}
{"level":"info","message":"MongoDB Atlas bağlantısı başarılı","service":"webapi","timestamp":"2025-04-16 21:25:05"}
{"level":"info","message":"Server running on port 3000","service":"webapi","timestamp":"2025-04-16 21:26:28"}
{"level":"info","message":"MongoDB Atlas bağlantısı başarılı","service":"webapi","timestamp":"2025-04-16 21:26:29"}
{"level":"info","message":"Server running on port 3000","service":"webapi","timestamp":"2025-04-16 21:28:22"}
{"level":"info","message":"MongoDB Atlas bağlantısı başarılı","service":"webapi","timestamp":"2025-04-16 21:28:22"}
{"level":"info","message":"Server running on port 3000","service":"webapi","timestamp":"2025-04-16 21:28:41"}
{"level":"info","message":"MongoDB Atlas bağlantısı başarılı","service":"webapi","timestamp":"2025-04-16 21:28:42"}
{"level":"info","message":"Server running on port 3000","service":"webapi","timestamp":"2025-04-16 21:29:02"}
{"level":"info","message":"MongoDB Atlas bağlantısı başarılı","service":"webapi","timestamp":"2025-04-16 21:29:03"}
{"level":"info","message":"Server running on port 3000","service":"webapi","timestamp":"2025-04-16 22:40:49"}
{"level":"info","message":"MongoDB Atlas bağlantısı başarılı","service":"webapi","timestamp":"2025-04-16 22:40:50"}
{"level":"info","message":"MongoDB Atlas bağlantı hatası:  err is not defined","service":"webapi","stack":"ReferenceError: err is not defined\n    at seedTokens (C:\\Users\\gorke\\Desktop\\Web-APIs PROJECTS\\ProductWebApi\\src\\data\\seed.js:73:63)\n    at process.processTicksAndRejections (node:internal/process/task_queues:105:5)\n    at async C:\\Users\\gorke\\Desktop\\Web-APIs PROJECTS\\ProductWebApi\\server.js:40:9","timestamp":"2025-04-16 22:40:50"}
{"level":"info","message":"Server running on port 3000","service":"webapi","timestamp":"2025-04-16 22:41:38"}
{"level":"info","message":"MongoDB Atlas bağlantısı başarılı","service":"webapi","timestamp":"2025-04-16 22:41:38"}
{"level":"info","message":"MongoDB Atlas bağlantı hatası:  err is not defined","service":"webapi","stack":"ReferenceError: err is not defined\n    at seedTokens (C:\\Users\\gorke\\Desktop\\Web-APIs PROJECTS\\ProductWebApi\\src\\data\\seed.js:73:63)\n    at process.processTicksAndRejections (node:internal/process/task_queues:105:5)\n    at async C:\\Users\\gorke\\Desktop\\Web-APIs PROJECTS\\ProductWebApi\\server.js:40:9","timestamp":"2025-04-16 22:41:39"}
{"level":"info","message":"Server running on port 3000","service":"webapi","timestamp":"2025-04-16 22:41:54"}
{"level":"info","message":"MongoDB Atlas bağlantısı başarılı","service":"webapi","timestamp":"2025-04-16 22:41:55"}
{"level":"info","message":"MongoDB Atlas bağlantı hatası:  err is not defined","service":"webapi","stack":"ReferenceError: err is not defined\n    at seedTokens (C:\\Users\\gorke\\Desktop\\Web-APIs PROJECTS\\ProductWebApi\\src\\data\\seed.js:73:63)\n    at process.processTicksAndRejections (node:internal/process/task_queues:105:5)\n    at async C:\\Users\\gorke\\Desktop\\Web-APIs PROJECTS\\ProductWebApi\\server.js:40:9","timestamp":"2025-04-16 22:41:55"}
{"level":"info","message":"Server running on port 3000","service":"webapi","timestamp":"2025-04-16 22:42:12"}
{"level":"info","message":"MongoDB Atlas bağlantısı başarılı","service":"webapi","timestamp":"2025-04-16 22:42:13"}
{"level":"info","message":"MongoDB Atlas bağlantı hatası:  err is not defined","service":"webapi","stack":"ReferenceError: err is not defined\n    at seedTokens (C:\\Users\\gorke\\Desktop\\Web-APIs PROJECTS\\ProductWebApi\\src\\data\\seed.js:71:63)\n    at process.processTicksAndRejections (node:internal/process/task_queues:105:5)\n    at async C:\\Users\\gorke\\Desktop\\Web-APIs PROJECTS\\ProductWebApi\\server.js:40:9","timestamp":"2025-04-16 22:42:13"}
{"level":"info","message":"Server running on port 3000","service":"webapi","timestamp":"2025-04-16 23:45:28"}
{"level":"info","message":"MongoDB Atlas bağlantısı başarılı","service":"webapi","timestamp":"2025-04-16 23:45:29"}
{"level":"info","message":"MongoDB Atlas bağlantı hatası:  err is not defined","service":"webapi","stack":"ReferenceError: err is not defined\n    at seedTokens (C:\\Users\\gorke\\Desktop\\Web-APIs PROJECTS\\ProductWebApi\\src\\data\\seed.js:71:63)\n    at process.processTicksAndRejections (node:internal/process/task_queues:105:5)\n    at async C:\\Users\\gorke\\Desktop\\Web-APIs PROJECTS\\ProductWebApi\\server.js:40:9","timestamp":"2025-04-16 23:45:29"}
{"level":"info","message":"Server running on port 3000","service":"webapi","timestamp":"2025-04-16 23:48:24"}
{"level":"info","message":"MongoDB Atlas bağlantısı başarılı","service":"webapi","timestamp":"2025-04-16 23:48:25"}
{"level":"info","message":"MongoDB Atlas bağlantı hatası:  err is not defined","service":"webapi","stack":"ReferenceError: err is not defined\n    at seedTokens (C:\\Users\\gorke\\Desktop\\Web-APIs PROJECTS\\ProductWebApi\\src\\data\\seed.js:71:63)\n    at process.processTicksAndRejections (node:internal/process/task_queues:105:5)\n    at async C:\\Users\\gorke\\Desktop\\Web-APIs PROJECTS\\ProductWebApi\\server.js:40:9","timestamp":"2025-04-16 23:48:25"}
{"level":"info","message":"Server running on port 3000","service":"webapi","timestamp":"2025-04-16 23:48:48"}
{"level":"info","message":"MongoDB Atlas bağlantısı başarılı","service":"webapi","timestamp":"2025-04-16 23:48:48"}
{"level":"info","message":"MongoDB Atlas bağlantı hatası:  err is not defined","service":"webapi","stack":"ReferenceError: err is not defined\n    at seedTokens (C:\\Users\\gorke\\Desktop\\Web-APIs PROJECTS\\ProductWebApi\\src\\data\\seed.js:71:63)\n    at process.processTicksAndRejections (node:internal/process/task_queues:105:5)\n    at async C:\\Users\\gorke\\Desktop\\Web-APIs PROJECTS\\ProductWebApi\\server.js:40:9","timestamp":"2025-04-16 23:48:49"}
{"level":"info","message":"Server running on port 3000","service":"webapi","timestamp":"2025-04-16 23:50:11"}
{"level":"info","message":"MongoDB Atlas bağlantısı başarılı","service":"webapi","timestamp":"2025-04-16 23:50:12"}
{"level":"info","message":"MongoDB Atlas bağlantı hatası:  err is not defined","service":"webapi","stack":"ReferenceError: err is not defined\n    at seedTokens (C:\\Users\\gorke\\Desktop\\Web-APIs PROJECTS\\ProductWebApi\\src\\data\\seed.js:71:63)\n    at process.processTicksAndRejections (node:internal/process/task_queues:105:5)\n    at async C:\\Users\\gorke\\Desktop\\Web-APIs PROJECTS\\ProductWebApi\\server.js:40:9","timestamp":"2025-04-16 23:50:12"}
{"level":"info","message":"Server running on port 3000","service":"webapi","timestamp":"2025-04-16 23:50:27"}
{"level":"info","message":"MongoDB Atlas bağlantısı başarılı","service":"webapi","timestamp":"2025-04-16 23:50:27"}
{"level":"info","message":"MongoDB Atlas bağlantı hatası:  err is not defined","service":"webapi","stack":"ReferenceError: err is not defined\n    at seedTokens (C:\\Users\\gorke\\Desktop\\Web-APIs PROJECTS\\ProductWebApi\\src\\data\\seed.js:71:63)\n    at process.processTicksAndRejections (node:internal/process/task_queues:105:5)\n    at async C:\\Users\\gorke\\Desktop\\Web-APIs PROJECTS\\ProductWebApi\\server.js:40:9","timestamp":"2025-04-16 23:50:28"}
{"level":"info","message":"Server running on port 3000","service":"webapi","timestamp":"2025-04-16 23:50:52"}
{"level":"info","message":"MongoDB Atlas bağlantısı başarılı","service":"webapi","timestamp":"2025-04-16 23:50:53"}
{"level":"info","message":"MongoDB Atlas bağlantı hatası:  err is not defined","service":"webapi","stack":"ReferenceError: err is not defined\n    at seedTokens (C:\\Users\\gorke\\Desktop\\Web-APIs PROJECTS\\ProductWebApi\\src\\data\\seed.js:71:63)\n    at process.processTicksAndRejections (node:internal/process/task_queues:105:5)\n    at async C:\\Users\\gorke\\Desktop\\Web-APIs PROJECTS\\ProductWebApi\\server.js:40:9","timestamp":"2025-04-16 23:50:53"}
{"level":"info","message":"Server running on port 3000","service":"webapi","timestamp":"2025-04-16 23:52:25"}
{"level":"info","message":"MongoDB Atlas bağlantısı başarılı","service":"webapi","timestamp":"2025-04-16 23:52:25"}
{"level":"info","message":"Server running on port 3000","service":"webapi","timestamp":"2025-04-16 23:54:46"}
{"level":"info","message":"MongoDB Atlas bağlantısı başarılı","service":"webapi","timestamp":"2025-04-16 23:54:46"}
{"level":"info","message":"Server running on port 3000","service":"webapi","timestamp":"2025-04-16 23:54:55"}
{"level":"info","message":"MongoDB Atlas bağlantısı başarılı","service":"webapi","timestamp":"2025-04-16 23:54:55"}
{"level":"info","message":"Server running on port 3000","service":"webapi","timestamp":"2025-04-16 23:57:59"}
{"level":"info","message":"MongoDB Atlas bağlantısı başarılı","service":"webapi","timestamp":"2025-04-16 23:58:00"}
{"level":"info","message":"Server running on port 3000","service":"webapi","timestamp":"2025-04-17 00:01:12"}
{"level":"info","message":"MongoDB Atlas bağlantısı başarılı","service":"webapi","timestamp":"2025-04-17 00:01:13"}
{"level":"info","message":"Server running on port 3000","service":"webapi","timestamp":"2025-04-17 00:15:35"}
{"level":"info","message":"MongoDB Atlas bağlantısı başarılı","service":"webapi","timestamp":"2025-04-17 00:15:36"}
{"level":"info","message":"Server running on port 3000","service":"webapi","timestamp":"2025-04-17 00:50:37"}
{"level":"info","message":"MongoDB Atlas bağlantısı başarılı","service":"webapi","timestamp":"2025-04-17 00:50:38"}
{"level":"info","message":"Server running on port 3000","service":"webapi","timestamp":"2025-04-17 01:21:19"}
{"level":"info","message":"MongoDB Atlas bağlantısı başarılı","service":"webapi","timestamp":"2025-04-17 01:21:20"}
{"level":"info","message":"Server running on port 3000","service":"webapi","timestamp":"2025-04-17 01:25:24"}
{"level":"info","message":"MongoDB Atlas bağlantısı başarılı","service":"webapi","timestamp":"2025-04-17 01:25:25"}
{"level":"info","message":"Server running on port 3000","service":"webapi","timestamp":"2025-04-17 01:43:15"}
{"level":"info","message":"MongoDB Atlas bağlantısı başarılı","service":"webapi","timestamp":"2025-04-17 01:43:16"}
{"level":"info","message":"Server running on port 3000","service":"webapi","timestamp":"2025-04-17 01:50:36"}
{"level":"info","message":"MongoDB Atlas bağlantısı başarılı","service":"webapi","timestamp":"2025-04-17 01:50:36"}
{"level":"info","message":"Server running on port 3000","service":"webapi","timestamp":"2025-04-17 01:58:32"}
{"level":"info","message":"MongoDB Atlas bağlantısı başarılı","service":"webapi","timestamp":"2025-04-17 01:58:33"}
{"level":"info","message":"Server running on port 3000","service":"webapi","timestamp":"2025-04-17 02:09:59"}
{"level":"info","message":"MongoDB Atlas bağlantısı başarılı","service":"webapi","timestamp":"2025-04-17 02:10:00"}
{"level":"info","message":"Server running on port 3000","service":"webapi","timestamp":"2025-04-17 02:10:47"}
{"level":"info","message":"MongoDB Atlas bağlantısı başarılı","service":"webapi","timestamp":"2025-04-17 02:10:48"}
{"level":"info","message":"Server running on port 3000","service":"webapi","timestamp":"2025-04-17 02:11:11"}
{"level":"info","message":"MongoDB Atlas bağlantısı başarılı","service":"webapi","timestamp":"2025-04-17 02:11:12"}
{"level":"info","message":"Server running on port 3000","service":"webapi","timestamp":"2025-04-17 02:11:58"}
{"level":"info","message":"MongoDB Atlas bağlantısı başarılı","service":"webapi","timestamp":"2025-04-17 02:11:58"}
{"level":"info","message":"Server running on port 3000","service":"webapi","timestamp":"2025-04-17 02:12:28"}
{"level":"info","message":"MongoDB Atlas bağlantısı başarılı","service":"webapi","timestamp":"2025-04-17 02:12:29"}
{"level":"info","message":"Server running on port 3000","service":"webapi","timestamp":"2025-04-17 02:16:07"}
{"level":"info","message":"MongoDB Atlas bağlantısı başarılı","service":"webapi","timestamp":"2025-04-17 02:16:08"}
{"level":"info","message":"Server running on port 3000","service":"webapi","timestamp":"2025-04-17 02:17:28"}
{"level":"info","message":"MongoDB Atlas bağlantısı başarılı","service":"webapi","timestamp":"2025-04-17 02:17:29"}
{"level":"info","message":"Server running on port 3000","service":"webapi","timestamp":"2025-04-17 02:20:21"}
{"level":"info","message":"MongoDB Atlas bağlantısı başarılı","service":"webapi","timestamp":"2025-04-17 02:20:22"}
{"level":"info","message":"Server running on port 3000","service":"webapi","timestamp":"2025-04-17 02:21:28"}
{"level":"info","message":"MongoDB Atlas bağlantısı başarılı","service":"webapi","timestamp":"2025-04-17 02:21:29"}
{"level":"info","message":"Server running on port 3000","service":"webapi","timestamp":"2025-04-17 02:25:47"}
{"level":"info","message":"MongoDB Atlas bağlantısı başarılı","service":"webapi","timestamp":"2025-04-17 02:25:48"}
{"level":"info","message":"Server running on port 3000","service":"webapi","timestamp":"2025-04-17 02:28:29"}
{"level":"info","message":"MongoDB Atlas bağlantısı başarılı","service":"webapi","timestamp":"2025-04-17 02:28:29"}
{"level":"info","message":"Server running on port 3000","service":"webapi","timestamp":"2025-04-17 02:29:03"}
{"level":"info","message":"MongoDB Atlas bağlantısı başarılı","service":"webapi","timestamp":"2025-04-17 02:29:04"}
{"level":"info","message":"Server running on port 3000","service":"webapi","timestamp":"2025-04-17 02:31:10"}
{"level":"info","message":"MongoDB Atlas bağlantısı başarılı","service":"webapi","timestamp":"2025-04-17 02:31:11"}
{"level":"info","message":"Server running on port 3000","service":"webapi","timestamp":"2025-04-17 02:32:27"}
{"level":"info","message":"MongoDB Atlas bağlantısı başarılı","service":"webapi","timestamp":"2025-04-17 02:32:28"}
{"level":"info","message":"Server running on port 3000","service":"webapi","timestamp":"2025-04-17 02:38:20"}
{"level":"info","message":"MongoDB Atlas bağlantısı başarılı","service":"webapi","timestamp":"2025-04-17 02:38:20"}
{"level":"info","message":"Server running on port 3000","service":"webapi","timestamp":"2025-04-17 02:38:45"}
{"level":"info","message":"MongoDB Atlas bağlantısı başarılı","service":"webapi","timestamp":"2025-04-17 02:38:46"}
{"level":"info","message":"Server running on port 3000","service":"webapi","timestamp":"2025-04-17 02:40:52"}
{"level":"info","message":"MongoDB Atlas bağlantısı başarılı","service":"webapi","timestamp":"2025-04-17 02:40:53"}
{"level":"info","message":"Server running on port 3000","service":"webapi","timestamp":"2025-04-17 02:46:08"}
{"level":"info","message":"MongoDB Atlas bağlantısı başarılı","service":"webapi","timestamp":"2025-04-17 02:46:09"}
{"level":"info","message":"Server running on port 3000","service":"webapi","timestamp":"2025-04-17 02:54:45"}
{"level":"info","message":"MongoDB Atlas bağlantısı başarılı","service":"webapi","timestamp":"2025-04-17 02:54:46"}
{"level":"info","message":"Server running on port 3000","service":"webapi","timestamp":"2025-04-17 03:07:38"}
{"level":"info","message":"MongoDB Atlas bağlantısı başarılı","service":"webapi","timestamp":"2025-04-17 03:07:39"}
{"level":"info","message":"Server running on port 3000","service":"webapi","timestamp":"2025-04-19 02:52:29"}
{"level":"info","message":"MongoDB Atlas bağlantısı başarılı","service":"webapi","timestamp":"2025-04-19 02:52:30"}
{"level":"info","message":"Server running on port 3000","service":"webapi","timestamp":"2025-04-19 03:00:06"}
{"level":"info","message":"MongoDB Atlas bağlantısı başarılı","service":"webapi","timestamp":"2025-04-19 03:00:07"}
{"level":"info","message":"Server running on port 3000","service":"webapi","timestamp":"2025-04-19 03:03:36"}
{"level":"info","message":"MongoDB Atlas bağlantısı başarılı","service":"webapi","timestamp":"2025-04-19 03:03:36"}
{"level":"info","message":"Server running on port 3000","service":"webapi","timestamp":"2025-04-19 03:03:52"}
{"level":"info","message":"MongoDB Atlas bağlantısı başarılı","service":"webapi","timestamp":"2025-04-19 03:03:53"}
{"level":"info","message":"Server running on port 3000","service":"webapi","timestamp":"2025-04-19 03:07:13"}
{"level":"info","message":"MongoDB Atlas bağlantısı başarılı","service":"webapi","timestamp":"2025-04-19 03:07:13"}
{"level":"info","message":"Server running on port 3000","service":"webapi","timestamp":"2025-04-19 03:13:05"}
{"level":"info","message":"MongoDB Atlas bağlantısı başarılı","service":"webapi","timestamp":"2025-04-19 03:13:06"}
{"level":"info","message":"Server running on port 3000","service":"webapi","timestamp":"2025-04-19 03:13:58"}
{"level":"info","message":"MongoDB Atlas bağlantısı başarılı","service":"webapi","timestamp":"2025-04-19 03:13:59"}
{"level":"info","message":"Server running on port 3000","service":"webapi","timestamp":"2025-04-19 03:15:49"}
{"level":"info","message":"MongoDB Atlas bağlantısı başarılı","service":"webapi","timestamp":"2025-04-19 03:15:50"}
{"level":"info","message":"Server running on port 3000","service":"webapi","timestamp":"2025-04-19 03:17:37"}
{"level":"info","message":"MongoDB Atlas bağlantısı başarılı","service":"webapi","timestamp":"2025-04-19 03:17:38"}
{"level":"info","message":"Server running on port 3000","service":"webapi","timestamp":"2025-04-19 03:17:56"}
{"level":"info","message":"MongoDB Atlas bağlantısı başarılı","service":"webapi","timestamp":"2025-04-19 03:17:57"}
{"level":"info","message":"Server running on port 3000","service":"webapi","timestamp":"2025-04-19 03:18:47"}
{"level":"info","message":"MongoDB Atlas bağlantısı başarılı","service":"webapi","timestamp":"2025-04-19 03:18:48"}
{"level":"info","message":"Server running on port 3000","service":"webapi","timestamp":"2025-04-19 03:19:03"}
{"level":"info","message":"MongoDB Atlas bağlantısı başarılı","service":"webapi","timestamp":"2025-04-19 03:19:04"}
{"level":"info","message":"Server running on port 3000","service":"webapi","timestamp":"2025-04-19 03:19:16"}
{"level":"info","message":"MongoDB Atlas bağlantısı başarılı","service":"webapi","timestamp":"2025-04-19 03:19:17"}
{"level":"info","message":"Server running on port 3000","service":"webapi","timestamp":"2025-04-19 03:19:56"}
{"level":"info","message":"MongoDB Atlas bağlantısı başarılı","service":"webapi","timestamp":"2025-04-19 03:19:56"}
{"level":"info","message":"Server running on port 3000","service":"webapi","timestamp":"2025-04-19 03:20:04"}
{"level":"info","message":"MongoDB Atlas bağlantısı başarılı","service":"webapi","timestamp":"2025-04-19 03:20:05"}
{"level":"info","message":"Server running on port 3000","service":"webapi","timestamp":"2025-04-19 03:21:40"}
{"level":"info","message":"MongoDB Atlas bağlantısı başarılı","service":"webapi","timestamp":"2025-04-19 03:21:41"}
{"level":"info","message":"Server running on port 3000","service":"webapi","timestamp":"2025-04-19 03:23:05"}
{"level":"info","message":"MongoDB Atlas bağlantısı başarılı","service":"webapi","timestamp":"2025-04-19 03:23:05"}
{"level":"info","message":"Server running on port 3000","service":"webapi","timestamp":"2025-04-19 03:28:32"}
{"level":"info","message":"MongoDB Atlas bağlantısı başarılı","service":"webapi","timestamp":"2025-04-19 03:28:33"}
{"level":"info","message":"Server running on port 3000","service":"webapi","timestamp":"2025-04-19 03:29:19"}
{"level":"info","message":"MongoDB Atlas bağlantısı başarılı","service":"webapi","timestamp":"2025-04-19 03:29:20"}
{"level":"info","message":"Server running on port 3000","service":"webapi","timestamp":"2025-04-19 03:29:53"}
{"level":"info","message":"MongoDB Atlas bağlantısı başarılı","service":"webapi","timestamp":"2025-04-19 03:29:54"}
{"level":"info","message":"Server running on port 3000","service":"webapi","timestamp":"2025-04-19 03:30:19"}
{"level":"info","message":"MongoDB Atlas bağlantısı başarılı","service":"webapi","timestamp":"2025-04-19 03:30:19"}
{"level":"info","message":"Server running on port 3000","service":"webapi","timestamp":"2025-04-19 03:31:10"}
{"level":"info","message":"MongoDB Atlas bağlantısı başarılı","service":"webapi","timestamp":"2025-04-19 03:31:11"}
{"level":"info","message":"Server running on port 3000","service":"webapi","timestamp":"2025-04-19 03:33:43"}
{"level":"info","message":"MongoDB Atlas bağlantısı başarılı","service":"webapi","timestamp":"2025-04-19 03:33:44"}
{"level":"info","message":"Server running on port 3000","service":"webapi","timestamp":"2025-04-19 03:36:10"}
{"level":"info","message":"MongoDB Atlas bağlantısı başarılı","service":"webapi","timestamp":"2025-04-19 03:36:11"}
{"level":"info","message":"Server running on port 3000","service":"webapi","timestamp":"2025-04-19 03:38:26"}
{"level":"info","message":"MongoDB Atlas bağlantısı başarılı","service":"webapi","timestamp":"2025-04-19 03:38:26"}
{"level":"info","message":"Server running on port 3000","service":"webapi","timestamp":"2025-04-19 03:39:13"}
{"level":"info","message":"MongoDB Atlas bağlantısı başarılı","service":"webapi","timestamp":"2025-04-19 03:39:13"}
{"level":"info","message":"Server running on port 3000","service":"webapi","timestamp":"2025-04-19 03:42:39"}
{"level":"info","message":"MongoDB Atlas bağlantısı başarılı","service":"webapi","timestamp":"2025-04-19 03:42:40"}
{"level":"info","message":"Server running on port 3000","service":"webapi","timestamp":"2025-04-19 03:42:59"}
{"level":"info","message":"MongoDB Atlas bağlantısı başarılı","service":"webapi","timestamp":"2025-04-19 03:43:00"}
{"level":"info","message":"Server running on port 3000","service":"webapi","timestamp":"2025-04-19 03:44:12"}
{"level":"info","message":"MongoDB Atlas bağlantısı başarılı","service":"webapi","timestamp":"2025-04-19 03:44:13"}
{"level":"info","message":"Server running on port 3000","service":"webapi","timestamp":"2025-04-19 03:44:26"}
{"level":"info","message":"MongoDB Atlas bağlantısı başarılı","service":"webapi","timestamp":"2025-04-19 03:44:27"}
{"level":"info","message":"Server running on port 3000","service":"webapi","timestamp":"2025-04-19 03:44:52"}
{"level":"info","message":"MongoDB Atlas bağlantısı başarılı","service":"webapi","timestamp":"2025-04-19 03:44:52"}
{"level":"info","message":"Server running on port 3000","service":"webapi","timestamp":"2025-04-19 03:47:41"}
{"level":"info","message":"MongoDB Atlas bağlantısı başarılı","service":"webapi","timestamp":"2025-04-19 03:47:42"}
{"level":"info","message":"Server running on port 3000","service":"webapi","timestamp":"2025-04-19 03:47:54"}
{"level":"info","message":"MongoDB Atlas bağlantısı başarılı","service":"webapi","timestamp":"2025-04-19 03:47:55"}
{"level":"info","message":"Server running on port 3000","service":"webapi","timestamp":"2025-04-19 03:49:34"}
{"level":"info","message":"MongoDB Atlas bağlantısı başarılı","service":"webapi","timestamp":"2025-04-19 03:49:35"}
{"level":"info","message":"Server running on port 3000","service":"webapi","timestamp":"2025-04-19 03:49:48"}
{"level":"info","message":"MongoDB Atlas bağlantısı başarılı","service":"webapi","timestamp":"2025-04-19 03:49:49"}
{"level":"info","message":"Server running on port 3000","service":"webapi","timestamp":"2025-04-19 03:51:53"}
{"level":"info","message":"MongoDB Atlas bağlantısı başarılı","service":"webapi","timestamp":"2025-04-19 03:51:54"}
{"level":"info","message":"Server running on port 3000","service":"webapi","timestamp":"2025-04-19 03:54:48"}
{"level":"info","message":"MongoDB Atlas bağlantısı başarılı","service":"webapi","timestamp":"2025-04-19 03:54:49"}
{"level":"info","message":"Server running on port 3000","service":"webapi","timestamp":"2025-04-19 03:58:08"}
{"level":"info","message":"MongoDB Atlas bağlantısı başarılı","service":"webapi","timestamp":"2025-04-19 03:58:08"}
{"level":"info","message":"Server running on port 3000","service":"webapi","timestamp":"2025-04-19 13:29:41"}
{"level":"info","message":"MongoDB Atlas bağlantısı başarılı","service":"webapi","timestamp":"2025-04-19 13:29:42"}
{"level":"info","message":"Server running on port 3000","service":"webapi","timestamp":"2025-04-19 13:30:42"}
{"level":"info","message":"MongoDB Atlas bağlantısı başarılı","service":"webapi","timestamp":"2025-04-19 13:30:42"}
{"level":"info","message":"Server running on port 3000","service":"webapi","timestamp":"2025-04-19 13:32:01"}
{"level":"info","message":"MongoDB Atlas bağlantısı başarılı","service":"webapi","timestamp":"2025-04-19 13:32:01"}
{"level":"info","message":"Server running on port 3000","service":"webapi","timestamp":"2025-04-19 13:37:55"}
{"level":"info","message":"MongoDB Atlas bağlantısı başarılı","service":"webapi","timestamp":"2025-04-19 13:37:56"}
{"level":"info","message":"Server running on port 3000","service":"webapi","timestamp":"2025-04-19 13:40:12"}
{"level":"info","message":"MongoDB Atlas bağlantısı başarılı","service":"webapi","timestamp":"2025-04-19 13:40:13"}
{"level":"info","message":"Server running on port 3000","service":"webapi","timestamp":"2025-04-19 13:46:31"}
{"level":"info","message":"MongoDB Atlas bağlantısı başarılı","service":"webapi","timestamp":"2025-04-19 13:46:32"}
{"level":"info","message":"Server running on port 3000","service":"webapi","timestamp":"2025-04-19 13:46:49"}
{"level":"info","message":"MongoDB Atlas bağlantısı başarılı","service":"webapi","timestamp":"2025-04-19 13:46:50"}
{"level":"info","message":"Server running on port 3000","service":"webapi","timestamp":"2025-04-19 13:47:03"}
{"level":"info","message":"MongoDB Atlas bağlantısı başarılı","service":"webapi","timestamp":"2025-04-19 13:47:04"}
{"level":"info","message":"Server running on port 3000","service":"webapi","timestamp":"2025-04-19 13:47:22"}
{"level":"info","message":"MongoDB Atlas bağlantısı başarılı","service":"webapi","timestamp":"2025-04-19 13:47:23"}
{"level":"info","message":"Server running on port 3000","service":"webapi","timestamp":"2025-04-19 13:50:27"}
{"level":"info","message":"MongoDB Atlas bağlantısı başarılı","service":"webapi","timestamp":"2025-04-19 13:50:28"}
{"level":"info","message":"Server running on port 3000","service":"webapi","timestamp":"2025-04-19 13:57:02"}
{"level":"info","message":"MongoDB Atlas bağlantısı başarılı","service":"webapi","timestamp":"2025-04-19 13:57:03"}
{"level":"info","message":"Server running on port 3000","service":"webapi","timestamp":"2025-04-19 13:57:19"}
{"level":"info","message":"MongoDB Atlas bağlantısı başarılı","service":"webapi","timestamp":"2025-04-19 13:57:19"}
{"level":"info","message":"Server running on port 3000","service":"webapi","timestamp":"2025-04-19 13:58:11"}
{"level":"info","message":"MongoDB Atlas bağlantısı başarılı","service":"webapi","timestamp":"2025-04-19 13:58:12"}
{"level":"info","message":"Server running on port 3000","service":"webapi","timestamp":"2025-04-19 13:58:57"}
{"level":"info","message":"MongoDB Atlas bağlantısı başarılı","service":"webapi","timestamp":"2025-04-19 13:58:57"}
{"level":"info","message":"Server running on port 3000","service":"webapi","timestamp":"2025-04-19 14:03:09"}
{"level":"info","message":"MongoDB Atlas bağlantısı başarılı","service":"webapi","timestamp":"2025-04-19 14:03:10"}
{"level":"info","message":"Server running on port 3000","service":"webapi","timestamp":"2025-04-19 14:04:42"}
{"level":"info","message":"MongoDB Atlas bağlantısı başarılı","service":"webapi","timestamp":"2025-04-19 14:04:43"}
{"level":"info","message":"Server running on port 3000","service":"webapi","timestamp":"2025-04-19 14:04:45"}
{"level":"info","message":"MongoDB Atlas bağlantısı başarılı","service":"webapi","timestamp":"2025-04-19 14:04:46"}
{"level":"info","message":"Server running on port 3000","service":"webapi","timestamp":"2025-04-19 14:04:57"}
{"level":"info","message":"MongoDB Atlas bağlantısı başarılı","service":"webapi","timestamp":"2025-04-19 14:04:58"}
{"level":"info","message":"Server running on port 3000","service":"webapi","timestamp":"2025-04-19 14:06:39"}
{"level":"info","message":"MongoDB Atlas bağlantısı başarılı","service":"webapi","timestamp":"2025-04-19 14:06:39"}
{"level":"info","message":"Server running on port 3000","service":"webapi","timestamp":"2025-04-19 14:19:59"}
{"level":"info","message":"MongoDB Atlas bağlantısı başarılı","service":"webapi","timestamp":"2025-04-19 14:20:00"}
{"level":"info","message":"Server running on port 3000","service":"webapi","timestamp":"2025-04-19 14:20:07"}
{"level":"info","message":"MongoDB Atlas bağlantısı başarılı","service":"webapi","timestamp":"2025-04-19 14:20:08"}
{"level":"info","message":"Server running on port 3000","service":"webapi","timestamp":"2025-04-19 14:20:18"}
{"level":"info","message":"MongoDB Atlas bağlantısı başarılı","service":"webapi","timestamp":"2025-04-19 14:20:19"}
{"level":"info","message":"Server running on port 3000","service":"webapi","timestamp":"2025-04-19 14:20:54"}
{"level":"info","message":"MongoDB Atlas bağlantısı başarılı","service":"webapi","timestamp":"2025-04-19 14:20:54"}
{"level":"info","message":"Server running on port 3000","service":"webapi","timestamp":"2025-04-19 14:22:07"}
{"level":"info","message":"MongoDB Atlas bağlantısı başarılı","service":"webapi","timestamp":"2025-04-19 14:22:07"}
{"level":"info","message":"Server running on port 3000","service":"webapi","timestamp":"2025-04-19 14:22:09"}
{"level":"info","message":"MongoDB Atlas bağlantısı başarılı","service":"webapi","timestamp":"2025-04-19 14:22:10"}
{"level":"info","message":"Server running on port 3000","service":"webapi","timestamp":"2025-04-19 14:30:07"}
{"level":"info","message":"MongoDB Atlas bağlantısı başarılı","service":"webapi","timestamp":"2025-04-19 14:30:07"}
{"level":"info","message":"Server running on port 3000","service":"webapi","timestamp":"2025-04-19 14:36:28"}
{"level":"info","message":"MongoDB Atlas bağlantısı başarılı","service":"webapi","timestamp":"2025-04-19 14:36:29"}
{"level":"info","message":"Server running on port 3000","service":"webapi","timestamp":"2025-04-19 14:36:36"}
{"level":"info","message":"MongoDB Atlas bağlantısı başarılı","service":"webapi","timestamp":"2025-04-19 14:36:37"}
{"level":"info","message":"Server running on port 3000","service":"webapi","timestamp":"2025-04-19 14:54:13"}
{"level":"info","message":"MongoDB Atlas bağlantısı başarılı","service":"webapi","timestamp":"2025-04-19 14:54:14"}
{"level":"info","message":"Server running on port 3000","service":"webapi","timestamp":"2025-04-19 14:56:26"}
{"level":"info","message":"MongoDB Atlas bağlantısı başarılı","service":"webapi","timestamp":"2025-04-19 14:56:27"}
{"level":"info","message":"Server running on port 3000","service":"webapi","timestamp":"2025-04-19 14:59:52"}
{"level":"info","message":"MongoDB Atlas bağlantısı başarılı","service":"webapi","timestamp":"2025-04-19 14:59:53"}
{"level":"info","message":"Server running on port 3000","service":"webapi","timestamp":"2025-04-19 15:30:50"}
{"level":"info","message":"MongoDB Atlas bağlantısı başarılı","service":"webapi","timestamp":"2025-04-19 15:30:51"}
{"level":"info","message":"Server running on port 3000","service":"webapi","timestamp":"2025-04-19 15:35:57"}
{"level":"info","message":"MongoDB Atlas bağlantısı başarılı","service":"webapi","timestamp":"2025-04-19 15:35:58"}
{"level":"info","message":"Server running on port 3000","service":"webapi","timestamp":"2025-04-19 15:46:36"}
{"level":"info","message":"MongoDB Atlas bağlantısı başarılı","service":"webapi","timestamp":"2025-04-19 15:46:37"}
{"level":"info","message":"Server running on port 3000","service":"webapi","timestamp":"2025-04-19 16:23:00"}
{"level":"info","message":"MongoDB Atlas bağlantısı başarılı","service":"webapi","timestamp":"2025-04-19 16:23:00"}
{"level":"info","message":"Server running on port 3000","service":"webapi","timestamp":"2025-04-19 16:23:17"}
{"level":"info","message":"MongoDB Atlas bağlantısı başarılı","service":"webapi","timestamp":"2025-04-19 16:23:18"}
{"level":"info","message":"Server running on port 3000","service":"webapi","timestamp":"2025-04-19 16:24:30"}
{"level":"info","message":"MongoDB Atlas bağlantısı başarılı","service":"webapi","timestamp":"2025-04-19 16:24:30"}
{"level":"info","message":"Server running on port 3000","service":"webapi","timestamp":"2025-04-19 16:44:43"}
{"level":"info","message":"MongoDB Atlas bağlantısı başarılı","service":"webapi","timestamp":"2025-04-19 16:44:44"}
{"level":"info","message":"Server running on port 3000","service":"webapi","timestamp":"2025-04-19 16:46:49"}
{"level":"info","message":"MongoDB Atlas bağlantısı başarılı","service":"webapi","timestamp":"2025-04-19 16:46:49"}
{"level":"info","message":"Server running on port 3000","service":"webapi","timestamp":"2025-04-19 17:23:11"}
{"level":"info","message":"MongoDB Atlas bağlantısı başarılı","service":"webapi","timestamp":"2025-04-19 17:23:12"}
{"level":"info","message":"Server running on port 3000","service":"webapi","timestamp":"2025-04-19 17:30:10"}
{"level":"info","message":"MongoDB Atlas bağlantısı başarılı","service":"webapi","timestamp":"2025-04-19 17:30:11"}
{"level":"info","message":"Server running on port 3000","service":"webapi","timestamp":"2025-04-19 17:34:27"}
{"level":"info","message":"MongoDB Atlas bağlantısı başarılı","service":"webapi","timestamp":"2025-04-19 17:34:27"}
{"level":"info","message":"Server running on port 3000","service":"webapi","timestamp":"2025-04-19 17:36:25"}
{"level":"info","message":"MongoDB Atlas bağlantısı başarılı","service":"webapi","timestamp":"2025-04-19 17:36:26"}
{"level":"info","message":"Server running on port 3000","service":"webapi","timestamp":"2025-04-19 17:36:51"}
{"level":"info","message":"MongoDB Atlas bağlantısı başarılı","service":"webapi","timestamp":"2025-04-19 17:36:52"}
{"level":"info","message":"Server running on port 3000","service":"webapi","timestamp":"2025-04-19 17:37:31"}
{"level":"info","message":"MongoDB Atlas bağlantısı başarılı","service":"webapi","timestamp":"2025-04-19 17:37:32"}
{"level":"info","message":"Server running on port 3000","service":"webapi","timestamp":"2025-04-19 17:43:52"}
{"level":"info","message":"MongoDB Atlas bağlantısı başarılı","service":"webapi","timestamp":"2025-04-19 17:43:53"}
{"level":"info","message":"Server running on port 3000","service":"webapi","timestamp":"2025-04-19 17:44:11"}
{"level":"info","message":"MongoDB Atlas bağlantısı başarılı","service":"webapi","timestamp":"2025-04-19 17:44:12"}
{"level":"info","message":"Server running on port 3000","service":"webapi","timestamp":"2025-04-19 17:44:14"}
{"level":"info","message":"MongoDB Atlas bağlantısı başarılı","service":"webapi","timestamp":"2025-04-19 17:44:15"}
{"level":"info","message":"Server running on port 3000","service":"webapi","timestamp":"2025-04-19 17:47:03"}
{"level":"info","message":"MongoDB Atlas bağlantısı başarılı","service":"webapi","timestamp":"2025-04-19 17:47:04"}
{"level":"info","message":"Server running on port 3000","service":"webapi","timestamp":"2025-04-19 17:49:51"}
{"level":"info","message":"MongoDB Atlas bağlantısı başarılı","service":"webapi","timestamp":"2025-04-19 17:49:52"}
{"level":"info","message":"Server running on port 3000","service":"webapi","timestamp":"2025-04-19 17:50:23"}
{"level":"info","message":"MongoDB Atlas bağlantısı başarılı","service":"webapi","timestamp":"2025-04-19 17:50:24"}
{"level":"info","message":"Server running on port 3000","service":"webapi","timestamp":"2025-04-19 17:51:21"}
{"level":"info","message":"MongoDB Atlas bağlantısı başarılı","service":"webapi","timestamp":"2025-04-19 17:51:22"}
{"level":"info","message":"Server running on port 3000","service":"webapi","timestamp":"2025-04-19 17:51:36"}
{"level":"info","message":"MongoDB Atlas bağlantısı başarılı","service":"webapi","timestamp":"2025-04-19 17:51:36"}
{"level":"info","message":"Server running on port 3000","service":"webapi","timestamp":"2025-04-19 17:52:23"}
{"level":"info","message":"MongoDB Atlas bağlantısı başarılı","service":"webapi","timestamp":"2025-04-19 17:52:24"}
{"level":"info","message":"Server running on port 3000","service":"webapi","timestamp":"2025-04-19 17:56:45"}
{"level":"info","message":"Server running on port 3000","service":"webapi","timestamp":"2025-04-19 17:56:46"}
{"level":"info","message":"MongoDB Atlas bağlantısı başarılı","service":"webapi","timestamp":"2025-04-19 17:56:47"}
{"level":"info","message":"Server running on port 3000","service":"webapi","timestamp":"2025-04-19 23:33:43"}
{"level":"info","message":"MongoDB Atlas bağlantısı başarılı","service":"webapi","timestamp":"2025-04-19 23:33:44"}
{"level":"info","message":"Server running on port 3000","service":"webapi","timestamp":"2025-04-19 23:33:59"}
{"level":"info","message":"MongoDB Atlas bağlantısı başarılı","service":"webapi","timestamp":"2025-04-19 23:33:59"}
{"level":"info","message":"Server running on port 3000","service":"webapi","timestamp":"2025-04-19 23:36:21"}
{"level":"info","message":"MongoDB Atlas bağlantısı başarılı","service":"webapi","timestamp":"2025-04-19 23:36:22"}
{"level":"info","message":"Server running on port 3000","service":"webapi","timestamp":"2025-04-19 23:39:03"}
{"level":"info","message":"MongoDB Atlas bağlantısı başarılı","service":"webapi","timestamp":"2025-04-19 23:39:03"}
{"level":"info","message":"Server running on port 3000","service":"webapi","timestamp":"2025-04-19 23:39:27"}
{"level":"info","message":"MongoDB Atlas bağlantısı başarılı","service":"webapi","timestamp":"2025-04-19 23:39:27"}
{"level":"info","message":"Server running on port 3000","service":"webapi","timestamp":"2025-04-19 23:39:40"}
{"level":"info","message":"MongoDB Atlas bağlantısı başarılı","service":"webapi","timestamp":"2025-04-19 23:39:40"}
{"level":"info","message":"Server running on port 3000","service":"webapi","timestamp":"2025-04-19 20:55:16"}
{"level":"info","message":"MongoDB Atlas bağlantısı başarılı","service":"webapi","timestamp":"2025-04-19 20:55:17"}
{"level":"info","message":"Server running on port 3000","service":"webapi","timestamp":"2025-04-19 20:57:01"}
{"level":"info","message":"MongoDB Atlas bağlantısı başarılı","service":"webapi","timestamp":"2025-04-19 20:57:02"}
